{
  "RSpec": {
    "coverage": {
      "/Users/taran/makers/week4/bookmark/spec/bookmarks_spec.rb": {
        "lines": [
          1,
          null,
          1,
          3,
          null,
          1,
          1,
          1,
          null,
          null,
          1,
          1,
          1,
          null,
          null,
          null,
          1,
          null,
          1,
          null,
          null
        ]
      },
      "/Users/taran/makers/week4/bookmark/spec/features/hello_spec.rb": {
        "lines": [
          1,
          1,
          1,
          1,
          null,
          null
        ]
      },
      "/Users/taran/makers/week4/bookmark/spec/features/view_bookmarks_spec.rb": {
        "lines": [
          1,
          1,
          1,
          1,
          1,
          1,
          null,
          null
        ]
      }
    },
    "timestamp": 1616436069
  }
}
